<?xml version="1.0" encoding="UTF-8"?>
<!-- Generated by org.testng.reporters.JUnitXMLReporter -->
<testsuite ignored="0" hostname="DESKTOP-OL0F588" failures="1" tests="1" name="Test" time="0.111" errors="0" timestamp="2020-06-24T21:45:39 CDT">
  <testcase classname="edureka.HomePage" name="TopRibbon" time="0.016">
    <failure type="java.lang.NullPointerException">
      <![CDATA[java.lang.NullPointerException
at edureka.HomePage.TopRibbon(HomePage.java:18)
at java.base/java.util.ArrayList.forEach(ArrayList.java:1510)
... Removed 27 stack frames]]>
    </failure>
  </testcase> <!-- TopRibbon -->
</testsuite> <!-- Test -->
