<?xml version="1.0" encoding="UTF-8"?>
<!-- Generated by org.testng.reporters.JUnitXMLReporter -->
<testsuite hostname="DESKTOP-RKE2H0U" name="Test" tests="4" failures="0" timestamp="24 Apr 2020 03:20:07 GMT" time="0.063" errors="0">
  <testcase name="f1" time="0.0" classname="edureka.HomePage"/>
  <testcase name="f2" time="0.008" classname="edureka.HomePage"/>
  <testcase name="f3" time="0.004" classname="edureka.HomePage"/>
  <testcase name="f" time="0.0" classname="edureka.Login"/>
</testsuite> <!-- Test -->
