<?xml version="1.0" encoding="UTF-8"?>
<testng-results skipped="0" failed="0" total="1" passed="1">
  <reporter-output>
  </reporter-output>
  <suite name="Suite" duration-ms="47" started-at="2020-04-22T03:01:43Z" finished-at="2020-04-22T03:01:43Z">
    <groups>
    </groups>
    <test name="Test" duration-ms="47" started-at="2020-04-22T03:01:43Z" finished-at="2020-04-22T03:01:43Z">
      <class name="edureka.HomePage">
        <test-method status="PASS" signature="f()[pri:0, instance:edureka.HomePage@3ac42916]" name="f" duration-ms="15" started-at="2020-04-21T22:01:43Z" finished-at="2020-04-21T22:01:43Z">
          <reporter-output>
          </reporter-output>
        </test-method> <!-- f -->
      </class> <!-- edureka.HomePage -->
    </test> <!-- Test -->
  </suite> <!-- Suite -->
</testng-results>
