<?xml version="1.0" encoding="UTF-8"?>
<testng-results skipped="0" failed="0" total="3" passed="3">
  <reporter-output>
  </reporter-output>
  <suite name="Default suite" duration-ms="47" started-at="2020-04-23T22:11:19Z" finished-at="2020-04-23T22:11:19Z">
    <groups>
    </groups>
    <test name="Default test" duration-ms="47" started-at="2020-04-23T22:11:19Z" finished-at="2020-04-23T22:11:19Z">
      <class name="edureka.HomePage">
        <test-method status="PASS" signature="f1()[pri:0, instance:edureka.HomePage@17ed40e0]" name="f1" duration-ms="15" started-at="2020-04-23T17:11:19Z" finished-at="2020-04-23T17:11:19Z">
          <reporter-output>
          </reporter-output>
        </test-method> <!-- f1 -->
        <test-method status="PASS" signature="f2()[pri:0, instance:edureka.HomePage@17ed40e0]" name="f2" duration-ms="0" started-at="2020-04-23T17:11:19Z" finished-at="2020-04-23T17:11:19Z">
          <reporter-output>
          </reporter-output>
        </test-method> <!-- f2 -->
        <test-method status="PASS" signature="f3()[pri:0, instance:edureka.HomePage@17ed40e0]" name="f3" duration-ms="0" started-at="2020-04-23T17:11:19Z" finished-at="2020-04-23T17:11:19Z">
          <reporter-output>
          </reporter-output>
        </test-method> <!-- f3 -->
      </class> <!-- edureka.HomePage -->
    </test> <!-- Default test -->
  </suite> <!-- Default suite -->
</testng-results>
